<?xml version="1.0" encoding="UTF-8"?>
<!-- Generated by org.testng.reporters.JUnitXMLReporter -->
<testsuite ignored="0" hostname="RAJ-PC" failures="0" tests="1" name="Login Test" time="613.373" errors="0" timestamp="05 Sep 2021 05:39:01 GMT">
  <testcase classname="com.tradeviv.testCases.BaseClass" name="@BeforeMethod setup" time="612.939">
    <failure type="org.openqa.selenium.SessionNotCreatedException" message="session not created
from timeout: Timed out receiving message from renderer: 600.000
  (Session info: chrome=93.0.4577.63)
Build info: version: &amp;apos;3.14.0&amp;apos;, revision: &amp;apos;aacccce0&amp;apos;, time: &amp;apos;2018-08-02T20:19:58.91Z&amp;apos;
System info: host: &amp;apos;RAJ-PC&amp;apos;, ip: &amp;apos;192.168.1.9&amp;apos;, os.name: &amp;apos;Windows 7&amp;apos;, os.arch: &amp;apos;amd64&amp;apos;, os.version: &amp;apos;6.1&amp;apos;, java.version: &amp;apos;16.0.2&amp;apos;
Driver info: driver.version: ChromeDriver
remote stacktrace: Backtrace:
	Ordinal0 [0x0108A2D3+2663123]
	Ordinal0 [0x0101A491+2204817]
	Ordinal0 [0x00F02118+1057048]
	Ordinal0 [0x00EF49BD+1001917]
	Ordinal0 [0x00EF3A0D+997901]
	Ordinal0 [0x00EF3CC6+998598]
	Ordinal0 [0x00EF35B5+996789]
	Ordinal0 [0x00EFA12D+1024301]
	Ordinal0 [0x00EF3571+996721]
	Ordinal0 [0x00EF4496+1000598]
	Ordinal0 [0x00EF3A0D+997901]
	Ordinal0 [0x00EF3CC6+998598]
	Ordinal0 [0x00EF35B5+996789]
	Ordinal0 [0x00EF935C+1020764]
	Ordinal0 [0x00EF3571+996721]
	Ordinal0 [0x00EF4496+1000598]
	Ordinal0 [0x00EF3A0D+997901]
	Ordinal0 [0x00EF3CC6+998598]
	Ordinal0 [0x00EF35B5+996789]
	Ordinal0 [0x00EEF19D+979357]
	Ordinal0 [0x00EF3571+996721]
	Ordinal0 [0x00EF3310+996112]
	Ordinal0 [0x00EF30A9+995497]
	Ordinal0 [0x00F03330+1061680]
	Ordinal0 [0x00F4AD29+1355049]
	Ordinal0 [0x00F499FA+1350138]
	Ordinal0 [0x00F4589B+1333403]
	Ordinal0 [0x00F21F74+1187700]
	Ordinal0 [0x00F22DC9+1191369]
	GetHandleVerifier [0x012230D6+1610054]
	GetHandleVerifier [0x012CB53B+2299307]
	GetHandleVerifier [0x01118DA9+519705]
	GetHandleVerifier [0x01117759+513993]
	Ordinal0 [0x0102112D+2232621]
	Ordinal0 [0x010255F8+2250232]
	Ordinal0 [0x01025732+2250546]
	Ordinal0 [0x0102E591+2286993]
	BaseThreadInitThunk [0x75C9343D+18]
	RtlInitializeExceptionChain [0x77E79832+99]
	RtlInitializeExceptionChain [0x77E79805+54]
">
      <![CDATA[org.openqa.selenium.SessionNotCreatedException: session not created
from timeout: Timed out receiving message from renderer: 600.000
  (Session info: chrome=93.0.4577.63)
Build info: version: '3.14.0', revision: 'aacccce0', time: '2018-08-02T20:19:58.91Z'
System info: host: 'RAJ-PC', ip: '192.168.1.9', os.name: 'Windows 7', os.arch: 'amd64', os.version: '6.1', java.version: '16.0.2'
Driver info: driver.version: ChromeDriver
remote stacktrace: Backtrace:
Ordinal0 [0x0108A2D3+2663123]
Ordinal0 [0x0101A491+2204817]
Ordinal0 [0x00F02118+1057048]
Ordinal0 [0x00EF49BD+1001917]
Ordinal0 [0x00EF3A0D+997901]
Ordinal0 [0x00EF3CC6+998598]
Ordinal0 [0x00EF35B5+996789]
Ordinal0 [0x00EFA12D+1024301]
Ordinal0 [0x00EF3571+996721]
Ordinal0 [0x00EF4496+1000598]
Ordinal0 [0x00EF3A0D+997901]
Ordinal0 [0x00EF3CC6+998598]
Ordinal0 [0x00EF35B5+996789]
Ordinal0 [0x00EF935C+1020764]
Ordinal0 [0x00EF3571+996721]
Ordinal0 [0x00EF4496+1000598]
Ordinal0 [0x00EF3A0D+997901]
Ordinal0 [0x00EF3CC6+998598]
Ordinal0 [0x00EF35B5+996789]
Ordinal0 [0x00EEF19D+979357]
Ordinal0 [0x00EF3571+996721]
Ordinal0 [0x00EF3310+996112]
Ordinal0 [0x00EF30A9+995497]
Ordinal0 [0x00F03330+1061680]
Ordinal0 [0x00F4AD29+1355049]
Ordinal0 [0x00F499FA+1350138]
Ordinal0 [0x00F4589B+1333403]
Ordinal0 [0x00F21F74+1187700]
Ordinal0 [0x00F22DC9+1191369]
GetHandleVerifier [0x012230D6+1610054]
GetHandleVerifier [0x012CB53B+2299307]
GetHandleVerifier [0x01118DA9+519705]
GetHandleVerifier [0x01117759+513993]
Ordinal0 [0x0102112D+2232621]
Ordinal0 [0x010255F8+2250232]
Ordinal0 [0x01025732+2250546]
Ordinal0 [0x0102E591+2286993]
BaseThreadInitThunk [0x75C9343D+18]
RtlInitializeExceptionChain [0x77E79832+99]
RtlInitializeExceptionChain [0x77E79805+54]

at org.openqa.selenium.remote.W3CHandshakeResponse.lambda$new$0(W3CHandshakeResponse.java:57)
at org.openqa.selenium.remote.W3CHandshakeResponse.lambda$getResponseFunction$2(W3CHandshakeResponse.java:104)
at org.openqa.selenium.remote.ProtocolHandshake.lambda$createSession$0(ProtocolHandshake.java:122)
at java.base/java.util.stream.ReferencePipeline$3$1.accept(ReferencePipeline.java:197)
at java.base/java.util.Spliterators$ArraySpliterator.tryAdvance(Spliterators.java:958)
at java.base/java.util.stream.ReferencePipeline.forEachWithCancel(ReferencePipeline.java:129)
at java.base/java.util.stream.AbstractPipeline.copyIntoWithCancel(AbstractPipeline.java:502)
at java.base/java.util.stream.AbstractPipeline.copyInto(AbstractPipeline.java:488)
at java.base/java.util.stream.AbstractPipeline.wrapAndCopyInto(AbstractPipeline.java:474)
at java.base/java.util.stream.FindOps$FindOp.evaluateSequential(FindOps.java:150)
at java.base/java.util.stream.AbstractPipeline.evaluate(AbstractPipeline.java:234)
at java.base/java.util.stream.ReferencePipeline.findFirst(ReferencePipeline.java:647)
at org.openqa.selenium.remote.ProtocolHandshake.createSession(ProtocolHandshake.java:125)
at org.openqa.selenium.remote.ProtocolHandshake.createSession(ProtocolHandshake.java:73)
at org.openqa.selenium.remote.HttpCommandExecutor.execute(HttpCommandExecutor.java:136)
at org.openqa.selenium.remote.service.DriverCommandExecutor.execute(DriverCommandExecutor.java:83)
at org.openqa.selenium.remote.RemoteWebDriver.execute(RemoteWebDriver.java:548)
at org.openqa.selenium.remote.RemoteWebDriver.startSession(RemoteWebDriver.java:212)
at org.openqa.selenium.remote.RemoteWebDriver.<init>(RemoteWebDriver.java:130)
at org.openqa.selenium.chrome.ChromeDriver.<init>(ChromeDriver.java:181)
at org.openqa.selenium.chrome.ChromeDriver.<init>(ChromeDriver.java:168)
at org.openqa.selenium.chrome.ChromeDriver.<init>(ChromeDriver.java:123)
at com.tradeviv.testCases.BaseClass.setup(BaseClass.java:57)
... Removed 36 stack frames]]>
    </failure>
  </testcase> <!-- @BeforeMethod setup -->
  <testcase classname="com.tradeviv.testCases.BaseClass" name="@AfterMethod tearDown" time="0.001">
    <failure type="java.lang.NullPointerException" message="Cannot invoke &amp;quot;org.openqa.selenium.WebDriver.quit()&amp;quot; because &amp;quot;com.tradeviv.testCases.BaseClass.driver&amp;quot; is null">
      <![CDATA[java.lang.NullPointerException: Cannot invoke "org.openqa.selenium.WebDriver.quit()" because "com.tradeviv.testCases.BaseClass.driver" is null
at com.tradeviv.testCases.BaseClass.tearDown(BaseClass.java:74)
... Removed 31 stack frames]]>
    </failure>
  </testcase> <!-- @AfterMethod tearDown -->
  <testcase classname="com.tradeviv.testCases.TC_AdminLoginTest_001" name="adminLoginTest" time="0.0">
    <skipped/>
  </testcase> <!-- adminLoginTest -->
</testsuite> <!-- Login Test -->
