<!DOCTYPE html PUBLIC "-//W3C//DTD XHTML 1.1//EN" "http://www.w3.org/TR/xhtml11/DTD/xhtml11.dtd">
<html xmlns="http://www.w3.org/1999/xhtml">
<head>
<meta http-equiv="content-type" content="text/html; charset=UTF-8"/>
<title>TestNG Report</title>
<style type="text/css">table {margin-bottom:10px;border-collapse:collapse;empty-cells:show}th,td {border:1px solid #009;padding:.25em .5em}th {vertical-align:bottom}td {vertical-align:top}table a {font-weight:bold}.stripe td {background-color: #E6EBF9}.num {text-align:right}.passedodd td {background-color: #3F3}.passedeven td {background-color: #0A0}.skippedodd td {background-color: #DDD}.skippedeven td {background-color: #CCC}.failedodd td,.attn {background-color: #F33}.failedeven td,.stripe .attn {background-color: #D00}.stacktrace {white-space:pre;font-family:monospace}.totop {font-size:85%;text-align:center;border-bottom:2px solid #000}.invisible {display:none}</style>
</head>
<body>
<table>
<tr><th>Test</th><th># Passed</th><th># Skipped</th><th># Failed</th><th>Time (ms)</th><th>Included Groups</th><th>Excluded Groups</th></tr>
<tr><th colspan="7">TradeVIV_1.0</th></tr>
<tr><td><a href="#t0">Login Test</a></td><td class="num">0</td><td class="num attn">1</td><td class="num">0</td><td class="num">613,373</td><td></td><td></td></tr>
</table>
<table id='summary'><thead><tr><th>Class</th><th>Method</th><th>Start</th><th>Time (ms)</th></tr></thead><tbody><tr><th colspan="4">TradeVIV_1.0</th></tr></tbody><tbody id="t0"><tr><th colspan="4">Login Test &#8212; failed (configuration methods)</th></tr><tr class="failedeven"><td rowspan="2">com.tradeviv.testCases.TC_AdminLoginTest_001</td><td><a href="#m0">setup</a></td><td rowspan="1">1630819727924</td><td rowspan="1">612939</td></tr><tr class="failedeven"><td><a href="#m1">tearDown</a></td><td rowspan="1">1630820340999</td><td rowspan="1">1</td></tr><tr><th colspan="4">Login Test &#8212; skipped</th></tr><tr class="skippedeven"><td rowspan="1">com.tradeviv.testCases.TC_AdminLoginTest_001</td><td><a href="#m2">adminLoginTest</a></td><td rowspan="1">1630820340915</td><td rowspan="1">0</td></tr></tbody>
</table>
<h2>Login Test</h2><h3 id="m0">com.tradeviv.testCases.TC_AdminLoginTest_001#setup</h3><table class="result"><tr class="param"><th>Parameter #1</th></tr><tr class="param stripe"><td>chrome</td></tr><tr><th>Exception</th></tr><tr><td><div class="stacktrace">org.openqa.selenium.SessionNotCreatedException: session not created
from timeout: Timed out receiving message from renderer: 600.000
  (Session info: chrome=93.0.4577.63)
Build info: version: &apos;3.14.0&apos;, revision: &apos;aacccce0&apos;, time: &apos;2018-08-02T20:19:58.91Z&apos;
System info: host: &apos;RAJ-PC&apos;, ip: &apos;192.168.1.9&apos;, os.name: &apos;Windows 7&apos;, os.arch: &apos;amd64&apos;, os.version: &apos;6.1&apos;, java.version: &apos;16.0.2&apos;
Driver info: driver.version: ChromeDriver
remote stacktrace: Backtrace:
	Ordinal0 [0x0108A2D3+2663123]
	Ordinal0 [0x0101A491+2204817]
	Ordinal0 [0x00F02118+1057048]
	Ordinal0 [0x00EF49BD+1001917]
	Ordinal0 [0x00EF3A0D+997901]
	Ordinal0 [0x00EF3CC6+998598]
	Ordinal0 [0x00EF35B5+996789]
	Ordinal0 [0x00EFA12D+1024301]
	Ordinal0 [0x00EF3571+996721]
	Ordinal0 [0x00EF4496+1000598]
	Ordinal0 [0x00EF3A0D+997901]
	Ordinal0 [0x00EF3CC6+998598]
	Ordinal0 [0x00EF35B5+996789]
	Ordinal0 [0x00EF935C+1020764]
	Ordinal0 [0x00EF3571+996721]
	Ordinal0 [0x00EF4496+1000598]
	Ordinal0 [0x00EF3A0D+997901]
	Ordinal0 [0x00EF3CC6+998598]
	Ordinal0 [0x00EF35B5+996789]
	Ordinal0 [0x00EEF19D+979357]
	Ordinal0 [0x00EF3571+996721]
	Ordinal0 [0x00EF3310+996112]
	Ordinal0 [0x00EF30A9+995497]
	Ordinal0 [0x00F03330+1061680]
	Ordinal0 [0x00F4AD29+1355049]
	Ordinal0 [0x00F499FA+1350138]
	Ordinal0 [0x00F4589B+1333403]
	Ordinal0 [0x00F21F74+1187700]
	Ordinal0 [0x00F22DC9+1191369]
	GetHandleVerifier [0x012230D6+1610054]
	GetHandleVerifier [0x012CB53B+2299307]
	GetHandleVerifier [0x01118DA9+519705]
	GetHandleVerifier [0x01117759+513993]
	Ordinal0 [0x0102112D+2232621]
	Ordinal0 [0x010255F8+2250232]
	Ordinal0 [0x01025732+2250546]
	Ordinal0 [0x0102E591+2286993]
	BaseThreadInitThunk [0x75C9343D+18]
	RtlInitializeExceptionChain [0x77E79832+99]
	RtlInitializeExceptionChain [0x77E79805+54]

	at org.openqa.selenium.remote.W3CHandshakeResponse.lambda$new$0(W3CHandshakeResponse.java:57)
	at org.openqa.selenium.remote.W3CHandshakeResponse.lambda$getResponseFunction$2(W3CHandshakeResponse.java:104)
	at org.openqa.selenium.remote.ProtocolHandshake.lambda$createSession$0(ProtocolHandshake.java:122)
	at java.base/java.util.stream.ReferencePipeline$3$1.accept(ReferencePipeline.java:197)
	at java.base/java.util.Spliterators$ArraySpliterator.tryAdvance(Spliterators.java:958)
	at java.base/java.util.stream.ReferencePipeline.forEachWithCancel(ReferencePipeline.java:129)
	at java.base/java.util.stream.AbstractPipeline.copyIntoWithCancel(AbstractPipeline.java:502)
	at java.base/java.util.stream.AbstractPipeline.copyInto(AbstractPipeline.java:488)
	at java.base/java.util.stream.AbstractPipeline.wrapAndCopyInto(AbstractPipeline.java:474)
	at java.base/java.util.stream.FindOps$FindOp.evaluateSequential(FindOps.java:150)
	at java.base/java.util.stream.AbstractPipeline.evaluate(AbstractPipeline.java:234)
	at java.base/java.util.stream.ReferencePipeline.findFirst(ReferencePipeline.java:647)
	at org.openqa.selenium.remote.ProtocolHandshake.createSession(ProtocolHandshake.java:125)
	at org.openqa.selenium.remote.ProtocolHandshake.createSession(ProtocolHandshake.java:73)
	at org.openqa.selenium.remote.HttpCommandExecutor.execute(HttpCommandExecutor.java:136)
	at org.openqa.selenium.remote.service.DriverCommandExecutor.execute(DriverCommandExecutor.java:83)
	at org.openqa.selenium.remote.RemoteWebDriver.execute(RemoteWebDriver.java:548)
	at org.openqa.selenium.remote.RemoteWebDriver.startSession(RemoteWebDriver.java:212)
	at org.openqa.selenium.remote.RemoteWebDriver.&lt;init&gt;(RemoteWebDriver.java:130)
	at org.openqa.selenium.chrome.ChromeDriver.&lt;init&gt;(ChromeDriver.java:181)
	at org.openqa.selenium.chrome.ChromeDriver.&lt;init&gt;(ChromeDriver.java:168)
	at org.openqa.selenium.chrome.ChromeDriver.&lt;init&gt;(ChromeDriver.java:123)
	at com.tradeviv.testCases.BaseClass.setup(BaseClass.java:57)
... Removed 36 stack frames</div></td></tr></table><p class="totop"><a href="#summary">back to summary</a></p>
<h3 id="m1">com.tradeviv.testCases.TC_AdminLoginTest_001#tearDown</h3><table class="result"><tr><th>Exception</th></tr><tr><td><div class="stacktrace">java.lang.NullPointerException: Cannot invoke &quot;org.openqa.selenium.WebDriver.quit()&quot; because &quot;com.tradeviv.testCases.BaseClass.driver&quot; is null
	at com.tradeviv.testCases.BaseClass.tearDown(BaseClass.java:74)
... Removed 31 stack frames</div></td></tr></table><p class="totop"><a href="#summary">back to summary</a></p>
<h3 id="m2">com.tradeviv.testCases.TC_AdminLoginTest_001#adminLoginTest</h3><table class="result"><tr><th>Exception</th></tr><tr><td><div class="stacktrace">org.openqa.selenium.SessionNotCreatedException: session not created
from timeout: Timed out receiving message from renderer: 600.000
  (Session info: chrome=93.0.4577.63)
Build info: version: &apos;3.14.0&apos;, revision: &apos;aacccce0&apos;, time: &apos;2018-08-02T20:19:58.91Z&apos;
System info: host: &apos;RAJ-PC&apos;, ip: &apos;192.168.1.9&apos;, os.name: &apos;Windows 7&apos;, os.arch: &apos;amd64&apos;, os.version: &apos;6.1&apos;, java.version: &apos;16.0.2&apos;
Driver info: driver.version: ChromeDriver
remote stacktrace: Backtrace:
	Ordinal0 [0x0108A2D3+2663123]
	Ordinal0 [0x0101A491+2204817]
	Ordinal0 [0x00F02118+1057048]
	Ordinal0 [0x00EF49BD+1001917]
	Ordinal0 [0x00EF3A0D+997901]
	Ordinal0 [0x00EF3CC6+998598]
	Ordinal0 [0x00EF35B5+996789]
	Ordinal0 [0x00EFA12D+1024301]
	Ordinal0 [0x00EF3571+996721]
	Ordinal0 [0x00EF4496+1000598]
	Ordinal0 [0x00EF3A0D+997901]
	Ordinal0 [0x00EF3CC6+998598]
	Ordinal0 [0x00EF35B5+996789]
	Ordinal0 [0x00EF935C+1020764]
	Ordinal0 [0x00EF3571+996721]
	Ordinal0 [0x00EF4496+1000598]
	Ordinal0 [0x00EF3A0D+997901]
	Ordinal0 [0x00EF3CC6+998598]
	Ordinal0 [0x00EF35B5+996789]
	Ordinal0 [0x00EEF19D+979357]
	Ordinal0 [0x00EF3571+996721]
	Ordinal0 [0x00EF3310+996112]
	Ordinal0 [0x00EF30A9+995497]
	Ordinal0 [0x00F03330+1061680]
	Ordinal0 [0x00F4AD29+1355049]
	Ordinal0 [0x00F499FA+1350138]
	Ordinal0 [0x00F4589B+1333403]
	Ordinal0 [0x00F21F74+1187700]
	Ordinal0 [0x00F22DC9+1191369]
	GetHandleVerifier [0x012230D6+1610054]
	GetHandleVerifier [0x012CB53B+2299307]
	GetHandleVerifier [0x01118DA9+519705]
	GetHandleVerifier [0x01117759+513993]
	Ordinal0 [0x0102112D+2232621]
	Ordinal0 [0x010255F8+2250232]
	Ordinal0 [0x01025732+2250546]
	Ordinal0 [0x0102E591+2286993]
	BaseThreadInitThunk [0x75C9343D+18]
	RtlInitializeExceptionChain [0x77E79832+99]
	RtlInitializeExceptionChain [0x77E79805+54]

	at org.openqa.selenium.remote.W3CHandshakeResponse.lambda$new$0(W3CHandshakeResponse.java:57)
	at org.openqa.selenium.remote.W3CHandshakeResponse.lambda$getResponseFunction$2(W3CHandshakeResponse.java:104)
	at org.openqa.selenium.remote.ProtocolHandshake.lambda$createSession$0(ProtocolHandshake.java:122)
	at java.base/java.util.stream.ReferencePipeline$3$1.accept(ReferencePipeline.java:197)
	at java.base/java.util.Spliterators$ArraySpliterator.tryAdvance(Spliterators.java:958)
	at java.base/java.util.stream.ReferencePipeline.forEachWithCancel(ReferencePipeline.java:129)
	at java.base/java.util.stream.AbstractPipeline.copyIntoWithCancel(AbstractPipeline.java:502)
	at java.base/java.util.stream.AbstractPipeline.copyInto(AbstractPipeline.java:488)
	at java.base/java.util.stream.AbstractPipeline.wrapAndCopyInto(AbstractPipeline.java:474)
	at java.base/java.util.stream.FindOps$FindOp.evaluateSequential(FindOps.java:150)
	at java.base/java.util.stream.AbstractPipeline.evaluate(AbstractPipeline.java:234)
	at java.base/java.util.stream.ReferencePipeline.findFirst(ReferencePipeline.java:647)
	at org.openqa.selenium.remote.ProtocolHandshake.createSession(ProtocolHandshake.java:125)
	at org.openqa.selenium.remote.ProtocolHandshake.createSession(ProtocolHandshake.java:73)
	at org.openqa.selenium.remote.HttpCommandExecutor.execute(HttpCommandExecutor.java:136)
	at org.openqa.selenium.remote.service.DriverCommandExecutor.execute(DriverCommandExecutor.java:83)
	at org.openqa.selenium.remote.RemoteWebDriver.execute(RemoteWebDriver.java:548)
	at org.openqa.selenium.remote.RemoteWebDriver.startSession(RemoteWebDriver.java:212)
	at org.openqa.selenium.remote.RemoteWebDriver.&lt;init&gt;(RemoteWebDriver.java:130)
	at org.openqa.selenium.chrome.ChromeDriver.&lt;init&gt;(ChromeDriver.java:181)
	at org.openqa.selenium.chrome.ChromeDriver.&lt;init&gt;(ChromeDriver.java:168)
	at org.openqa.selenium.chrome.ChromeDriver.&lt;init&gt;(ChromeDriver.java:123)
	at com.tradeviv.testCases.BaseClass.setup(BaseClass.java:57)
... Removed 36 stack frames</div></td></tr></table><p class="totop"><a href="#summary">back to summary</a></p>
</body>
</html>
