<?xml version="1.0" encoding="UTF-8"?>
<!-- Generated by org.testng.reporters.JUnitReportReporter -->
<testsuite hostname="RAJ-PC" failures="0" tests="3" name="com.tradeviv.testCases.TC_AdminLoginTest_001" time="612.940" errors="2" timestamp="05 Sep 2021 05:39:02 GMT" skipped="1">
  <testcase classname="com.tradeviv.testCases.TC_AdminLoginTest_001" name="adminLoginTest" time="0.000">
    <skipped/>
  </testcase> <!-- adminLoginTest -->
  <testcase classname="com.tradeviv.testCases.TC_AdminLoginTest_001" name="tearDown" time="0.001">
    <error message="Cannot invoke &quot;org.openqa.selenium.WebDriver.quit()&quot; because &quot;com.tradeviv.testCases.BaseClass.driver&quot; is null" type="java.lang.NullPointerException">
      <![CDATA[java.lang.NullPointerException: Cannot invoke "org.openqa.selenium.WebDriver.quit()" because "com.tradeviv.testCases.BaseClass.driver" is null
at com.tradeviv.testCases.BaseClass.tearDown(BaseClass.java:74)
at java.base/jdk.internal.reflect.NativeMethodAccessorImpl.invoke0(Native Method)
at java.base/jdk.internal.reflect.NativeMethodAccessorImpl.invoke(NativeMethodAccessorImpl.java:78)
at java.base/jdk.internal.reflect.DelegatingMethodAccessorImpl.invoke(DelegatingMethodAccessorImpl.java:43)
at java.base/java.lang.reflect.Method.invoke(Method.java:567)
at org.testng.internal.MethodInvocationHelper.invokeMethod(MethodInvocationHelper.java:124)
at org.testng.internal.MethodInvocationHelper.invokeMethodConsideringTimeout(MethodInvocationHelper.java:59)
at org.testng.internal.Invoker.invokeConfigurationMethod(Invoker.java:458)
at org.testng.internal.Invoker.invokeConfigurations(Invoker.java:222)
at org.testng.internal.Invoker.invokeMethod(Invoker.java:536)
at org.testng.internal.Invoker.invokeTestMethod(Invoker.java:719)
at org.testng.internal.Invoker.invokeTestMethods(Invoker.java:989)
at org.testng.internal.TestMethodWorker.invokeTestMethods(TestMethodWorker.java:125)
at org.testng.internal.TestMethodWorker.run(TestMethodWorker.java:109)
at org.testng.TestRunner.privateRun(TestRunner.java:648)
at org.testng.TestRunner.run(TestRunner.java:505)
at org.testng.SuiteRunner.runTest(SuiteRunner.java:455)
at org.testng.SuiteRunner.runSequentially(SuiteRunner.java:450)
at org.testng.SuiteRunner.privateRun(SuiteRunner.java:415)
at org.testng.SuiteRunner.run(SuiteRunner.java:364)
at org.testng.SuiteRunnerWorker.runSuite(SuiteRunnerWorker.java:52)
at org.testng.SuiteRunnerWorker.run(SuiteRunnerWorker.java:84)
at org.testng.TestNG.runSuitesSequentially(TestNG.java:1208)
at org.testng.TestNG.runSuitesLocally(TestNG.java:1137)
at org.testng.TestNG.runSuites(TestNG.java:1049)
at org.testng.TestNG.run(TestNG.java:1017)
at org.apache.maven.surefire.testng.TestNGExecutor.run(TestNGExecutor.java:295)
at org.apache.maven.surefire.testng.TestNGXmlTestSuite.execute(TestNGXmlTestSuite.java:84)
at org.apache.maven.surefire.testng.TestNGProvider.invoke(TestNGProvider.java:90)
at org.apache.maven.surefire.booter.ForkedBooter.invokeProviderInSameClassLoader(ForkedBooter.java:203)
at org.apache.maven.surefire.booter.ForkedBooter.runSuitesInProcess(ForkedBooter.java:155)
at org.apache.maven.surefire.booter.ForkedBooter.main(ForkedBooter.java:103)
]]>
    </error>
  </testcase> <!-- tearDown -->
  <testcase classname="com.tradeviv.testCases.TC_AdminLoginTest_001" name="setup" time="612.939">
    <error message="session not created
from timeout: Timed out receiving message from renderer: 600.000
  (Session info: chrome=93.0.4577.63)
Build info: version: &#039;3.14.0&#039;, revision: &#039;aacccce0&#039;, time: &#039;2018-08-02T20:19:58.91Z&#039;
System info: host: &#039;RAJ-PC&#039;, ip: &#039;192.168.1.9&#039;, os.name: &#039;Windows 7&#039;, os.arch: &#039;amd64&#039;, os.version: &#039;6.1&#039;, java.version: &#039;16.0.2&#039;
Driver info: driver.version: ChromeDriver
remote stacktrace: Backtrace:
	Ordinal0 [0x0108A2D3+2663123]
	Ordinal0 [0x0101A491+2204817]
	Ordinal0 [0x00F02118+1057048]
	Ordinal0 [0x00EF49BD+1001917]
	Ordinal0 [0x00EF3A0D+997901]
	Ordinal0 [0x00EF3CC6+998598]
	Ordinal0 [0x00EF35B5+996789]
	Ordinal0 [0x00EFA12D+1024301]
	Ordinal0 [0x00EF3571+996721]
	Ordinal0 [0x00EF4496+1000598]
	Ordinal0 [0x00EF3A0D+997901]
	Ordinal0 [0x00EF3CC6+998598]
	Ordinal0 [0x00EF35B5+996789]
	Ordinal0 [0x00EF935C+1020764]
	Ordinal0 [0x00EF3571+996721]
	Ordinal0 [0x00EF4496+1000598]
	Ordinal0 [0x00EF3A0D+997901]
	Ordinal0 [0x00EF3CC6+998598]
	Ordinal0 [0x00EF35B5+996789]
	Ordinal0 [0x00EEF19D+979357]
	Ordinal0 [0x00EF3571+996721]
	Ordinal0 [0x00EF3310+996112]
	Ordinal0 [0x00EF30A9+995497]
	Ordinal0 [0x00F03330+1061680]
	Ordinal0 [0x00F4AD29+1355049]
	Ordinal0 [0x00F499FA+1350138]
	Ordinal0 [0x00F4589B+1333403]
	Ordinal0 [0x00F21F74+1187700]
	Ordinal0 [0x00F22DC9+1191369]
	GetHandleVerifier [0x012230D6+1610054]
	GetHandleVerifier [0x012CB53B+2299307]
	GetHandleVerifier [0x01118DA9+519705]
	GetHandleVerifier [0x01117759+513993]
	Ordinal0 [0x0102112D+2232621]
	Ordinal0 [0x010255F8+2250232]
	Ordinal0 [0x01025732+2250546]
	Ordinal0 [0x0102E591+2286993]
	BaseThreadInitThunk [0x75C9343D+18]
	RtlInitializeExceptionChain [0x77E79832+99]
	RtlInitializeExceptionChain [0x77E79805+54]
" type="org.openqa.selenium.SessionNotCreatedException">
      <![CDATA[org.openqa.selenium.SessionNotCreatedException: session not created
from timeout: Timed out receiving message from renderer: 600.000
  (Session info: chrome=93.0.4577.63)
Build info: version: '3.14.0', revision: 'aacccce0', time: '2018-08-02T20:19:58.91Z'
System info: host: 'RAJ-PC', ip: '192.168.1.9', os.name: 'Windows 7', os.arch: 'amd64', os.version: '6.1', java.version: '16.0.2'
Driver info: driver.version: ChromeDriver
remote stacktrace: Backtrace:
Ordinal0 [0x0108A2D3+2663123]
Ordinal0 [0x0101A491+2204817]
Ordinal0 [0x00F02118+1057048]
Ordinal0 [0x00EF49BD+1001917]
Ordinal0 [0x00EF3A0D+997901]
Ordinal0 [0x00EF3CC6+998598]
Ordinal0 [0x00EF35B5+996789]
Ordinal0 [0x00EFA12D+1024301]
Ordinal0 [0x00EF3571+996721]
Ordinal0 [0x00EF4496+1000598]
Ordinal0 [0x00EF3A0D+997901]
Ordinal0 [0x00EF3CC6+998598]
Ordinal0 [0x00EF35B5+996789]
Ordinal0 [0x00EF935C+1020764]
Ordinal0 [0x00EF3571+996721]
Ordinal0 [0x00EF4496+1000598]
Ordinal0 [0x00EF3A0D+997901]
Ordinal0 [0x00EF3CC6+998598]
Ordinal0 [0x00EF35B5+996789]
Ordinal0 [0x00EEF19D+979357]
Ordinal0 [0x00EF3571+996721]
Ordinal0 [0x00EF3310+996112]
Ordinal0 [0x00EF30A9+995497]
Ordinal0 [0x00F03330+1061680]
Ordinal0 [0x00F4AD29+1355049]
Ordinal0 [0x00F499FA+1350138]
Ordinal0 [0x00F4589B+1333403]
Ordinal0 [0x00F21F74+1187700]
Ordinal0 [0x00F22DC9+1191369]
GetHandleVerifier [0x012230D6+1610054]
GetHandleVerifier [0x012CB53B+2299307]
GetHandleVerifier [0x01118DA9+519705]
GetHandleVerifier [0x01117759+513993]
Ordinal0 [0x0102112D+2232621]
Ordinal0 [0x010255F8+2250232]
Ordinal0 [0x01025732+2250546]
Ordinal0 [0x0102E591+2286993]
BaseThreadInitThunk [0x75C9343D+18]
RtlInitializeExceptionChain [0x77E79832+99]
RtlInitializeExceptionChain [0x77E79805+54]

at java.base/jdk.internal.reflect.NativeConstructorAccessorImpl.newInstance0(Native Method)
at java.base/jdk.internal.reflect.NativeConstructorAccessorImpl.newInstance(NativeConstructorAccessorImpl.java:78)
at java.base/jdk.internal.reflect.DelegatingConstructorAccessorImpl.newInstance(DelegatingConstructorAccessorImpl.java:45)
at java.base/java.lang.reflect.Constructor.newInstanceWithCaller(Constructor.java:499)
at java.base/java.lang.reflect.Constructor.newInstance(Constructor.java:480)
at org.openqa.selenium.remote.W3CHandshakeResponse.lambda$new$0(W3CHandshakeResponse.java:57)
at org.openqa.selenium.remote.W3CHandshakeResponse.lambda$getResponseFunction$2(W3CHandshakeResponse.java:104)
at org.openqa.selenium.remote.ProtocolHandshake.lambda$createSession$0(ProtocolHandshake.java:122)
at java.base/java.util.stream.ReferencePipeline$3$1.accept(ReferencePipeline.java:197)
at java.base/java.util.Spliterators$ArraySpliterator.tryAdvance(Spliterators.java:958)
at java.base/java.util.stream.ReferencePipeline.forEachWithCancel(ReferencePipeline.java:129)
at java.base/java.util.stream.AbstractPipeline.copyIntoWithCancel(AbstractPipeline.java:502)
at java.base/java.util.stream.AbstractPipeline.copyInto(AbstractPipeline.java:488)
at java.base/java.util.stream.AbstractPipeline.wrapAndCopyInto(AbstractPipeline.java:474)
at java.base/java.util.stream.FindOps$FindOp.evaluateSequential(FindOps.java:150)
at java.base/java.util.stream.AbstractPipeline.evaluate(AbstractPipeline.java:234)
at java.base/java.util.stream.ReferencePipeline.findFirst(ReferencePipeline.java:647)
at org.openqa.selenium.remote.ProtocolHandshake.createSession(ProtocolHandshake.java:125)
at org.openqa.selenium.remote.ProtocolHandshake.createSession(ProtocolHandshake.java:73)
at org.openqa.selenium.remote.HttpCommandExecutor.execute(HttpCommandExecutor.java:136)
at org.openqa.selenium.remote.service.DriverCommandExecutor.execute(DriverCommandExecutor.java:83)
at org.openqa.selenium.remote.RemoteWebDriver.execute(RemoteWebDriver.java:548)
at org.openqa.selenium.remote.RemoteWebDriver.startSession(RemoteWebDriver.java:212)
at org.openqa.selenium.remote.RemoteWebDriver.<init>(RemoteWebDriver.java:130)
at org.openqa.selenium.chrome.ChromeDriver.<init>(ChromeDriver.java:181)
at org.openqa.selenium.chrome.ChromeDriver.<init>(ChromeDriver.java:168)
at org.openqa.selenium.chrome.ChromeDriver.<init>(ChromeDriver.java:123)
at com.tradeviv.testCases.BaseClass.setup(BaseClass.java:57)
at java.base/jdk.internal.reflect.NativeMethodAccessorImpl.invoke0(Native Method)
at java.base/jdk.internal.reflect.NativeMethodAccessorImpl.invoke(NativeMethodAccessorImpl.java:78)
at java.base/jdk.internal.reflect.DelegatingMethodAccessorImpl.invoke(DelegatingMethodAccessorImpl.java:43)
at java.base/java.lang.reflect.Method.invoke(Method.java:567)
at org.testng.internal.MethodInvocationHelper.invokeMethod(MethodInvocationHelper.java:124)
at org.testng.internal.MethodInvocationHelper.invokeMethodConsideringTimeout(MethodInvocationHelper.java:59)
at org.testng.internal.Invoker.invokeConfigurationMethod(Invoker.java:458)
at org.testng.internal.Invoker.invokeConfigurations(Invoker.java:222)
at org.testng.internal.Invoker.invokeMethod(Invoker.java:523)
at org.testng.internal.Invoker.invokeTestMethod(Invoker.java:719)
at org.testng.internal.Invoker.invokeTestMethods(Invoker.java:989)
at org.testng.internal.TestMethodWorker.invokeTestMethods(TestMethodWorker.java:125)
at org.testng.internal.TestMethodWorker.run(TestMethodWorker.java:109)
at org.testng.TestRunner.privateRun(TestRunner.java:648)
at org.testng.TestRunner.run(TestRunner.java:505)
at org.testng.SuiteRunner.runTest(SuiteRunner.java:455)
at org.testng.SuiteRunner.runSequentially(SuiteRunner.java:450)
at org.testng.SuiteRunner.privateRun(SuiteRunner.java:415)
at org.testng.SuiteRunner.run(SuiteRunner.java:364)
at org.testng.SuiteRunnerWorker.runSuite(SuiteRunnerWorker.java:52)
at org.testng.SuiteRunnerWorker.run(SuiteRunnerWorker.java:84)
at org.testng.TestNG.runSuitesSequentially(TestNG.java:1208)
at org.testng.TestNG.runSuitesLocally(TestNG.java:1137)
at org.testng.TestNG.runSuites(TestNG.java:1049)
at org.testng.TestNG.run(TestNG.java:1017)
at org.apache.maven.surefire.testng.TestNGExecutor.run(TestNGExecutor.java:295)
at org.apache.maven.surefire.testng.TestNGXmlTestSuite.execute(TestNGXmlTestSuite.java:84)
at org.apache.maven.surefire.testng.TestNGProvider.invoke(TestNGProvider.java:90)
at org.apache.maven.surefire.booter.ForkedBooter.invokeProviderInSameClassLoader(ForkedBooter.java:203)
at org.apache.maven.surefire.booter.ForkedBooter.runSuitesInProcess(ForkedBooter.java:155)
at org.apache.maven.surefire.booter.ForkedBooter.main(ForkedBooter.java:103)
]]>
    </error>
  </testcase> <!-- setup -->
</testsuite> <!-- com.tradeviv.testCases.TC_AdminLoginTest_001 -->
